is_undirected: True
{0: tensor([ 336, 1096, 1301, 1935, 2606]), 1: tensor([  25,  397,  401,  411,  598,  670,  877, 1065, 1176, 1177, 1315, 1316,
        1413, 1542, 1633, 1944, 1950, 2140])}
{0: tensor([], size=(2, 0), dtype=torch.int64), 1: tensor([[1301, 1944, 1950, 1096, 1065, 1096, 1096, 1301, 2606, 1176, 1177, 1413,
         1542, 1935,  401, 1096,  397,  401,  411, 1065, 1633,  877, 1542, 1935,
          877, 1542, 1935,   25,  598, 1315, 1316, 1542, 2140, 1301, 1301,  877,
         1542, 1935,  877, 1176, 1177, 1301, 1413, 1935, 1096,  877, 1176, 1177,
         1413, 1542,  336, 1950,  336, 1944, 1301,  670],
        [  25,  336,  336,  397,  401,  401,  411,  598,  670,  877,  877,  877,
          877,  877, 1065, 1065, 1096, 1096, 1096, 1096, 1096, 1176, 1176, 1176,
         1177, 1177, 1177, 1301, 1301, 1301, 1301, 1301, 1301, 1315, 1316, 1413,
         1413, 1413, 1542, 1542, 1542, 1542, 1542, 1542, 1633, 1935, 1935, 1935,
         1935, 1935, 1944, 1944, 1950, 1950, 2140, 2606]])}
tensor([[-9.0171e+00, -1.3457e+01, -1.2325e+01, -1.3589e-04, -1.3147e+01,
         -1.2564e+01, -1.2617e+01],
        [-1.2121e+01, -1.6621e+01, -1.5462e+01, -5.8412e-06, -1.7067e+01,
         -1.6313e+01, -1.7512e+01],
        [-9.3598e+00, -1.2680e+01, -1.2844e+01, -9.9892e-05, -1.2304e+01,
         -1.2596e+01, -1.5746e+01],
        [-2.6665e+00, -5.7558e+00, -7.1762e+00, -1.2490e-01, -3.1552e+00,
         -7.0069e+00, -7.6930e+00],
        [-4.8663e+00, -9.5711e+00, -9.3173e+00, -9.9148e-03, -6.2449e+00,
         -9.8684e+00, -1.1302e+01]], grad_fn=<IndexBackward0>)
tensor([[-9.0171e+00, -1.3457e+01, -1.2325e+01, -1.3589e-04, -1.3147e+01,
         -1.2564e+01, -1.2617e+01],
        [-1.2121e+01, -1.6621e+01, -1.5462e+01, -5.8412e-06, -1.7067e+01,
         -1.6313e+01, -1.7512e+01],
        [-8.4312e+00, -1.2801e+01, -1.4135e+01, -2.2790e-04, -1.2745e+01,
         -1.2578e+01, -1.6109e+01],
        [-2.6637e+00, -5.7578e+00, -7.1845e+00, -1.2493e-01, -3.1588e+00,
         -7.0097e+00, -7.7002e+00],
        [-4.8663e+00, -9.5711e+00, -9.3173e+00, -9.9148e-03, -6.2449e+00,
         -9.8684e+00, -1.1302e+01]], grad_fn=<IndexBackward0>)
tensor([[-7.4675e+00, -1.1200e+01, -1.0748e+01, -6.6509e-04, -1.0898e+01,
         -1.0638e+01, -1.1049e+01],
        [-1.2121e+01, -1.6621e+01, -1.5462e+01, -5.8412e-06, -1.7067e+01,
         -1.6313e+01, -1.7512e+01],
        [-9.3598e+00, -1.2680e+01, -1.2844e+01, -9.9892e-05, -1.2304e+01,
         -1.2596e+01, -1.5746e+01],
        [-2.6665e+00, -5.7558e+00, -7.1762e+00, -1.2490e-01, -3.1552e+00,
         -7.0069e+00, -7.6930e+00],
        [-4.8663e+00, -9.5711e+00, -9.3173e+00, -9.9148e-03, -6.2449e+00,
         -9.8684e+00, -1.1302e+01]], grad_fn=<IndexBackward0>)
tensor([[-6.2207e+00, -1.0299e+01, -1.0515e+01, -2.2009e-03, -9.6505e+00,
         -9.8591e+00, -1.0311e+01],
        [-1.2121e+01, -1.6621e+01, -1.5462e+01, -5.8412e-06, -1.7067e+01,
         -1.6313e+01, -1.7512e+01],
        [-9.3598e+00, -1.2680e+01, -1.2844e+01, -9.9892e-05, -1.2304e+01,
         -1.2596e+01, -1.5746e+01],
        [-2.6665e+00, -5.7558e+00, -7.1762e+00, -1.2490e-01, -3.1552e+00,
         -7.0069e+00, -7.6930e+00],
        [-4.8663e+00, -9.5711e+00, -9.3173e+00, -9.9148e-03, -6.2449e+00,
         -9.8684e+00, -1.1302e+01]], grad_fn=<IndexBackward0>)
tensor([[-9.0171e+00, -1.3457e+01, -1.2325e+01, -1.3589e-04, -1.3147e+01,
         -1.2564e+01, -1.2617e+01],
        [-1.5553e+01, -1.8916e+01, -1.6323e+01, -2.3842e-07, -1.9415e+01,
         -1.9100e+01, -2.0824e+01],
        [-9.3598e+00, -1.2680e+01, -1.2844e+01, -9.9892e-05, -1.2304e+01,
         -1.2596e+01, -1.5746e+01],
        [-2.6665e+00, -5.7558e+00, -7.1762e+00, -1.2490e-01, -3.1552e+00,
         -7.0069e+00, -7.6930e+00],
        [-4.8663e+00, -9.5711e+00, -9.3173e+00, -9.9148e-03, -6.2449e+00,
         -9.8684e+00, -1.1302e+01]], grad_fn=<IndexBackward0>)
tensor([[-9.0171e+00, -1.3457e+01, -1.2325e+01, -1.3589e-04, -1.3147e+01,
         -1.2564e+01, -1.2617e+01],
        [-1.3075e+01, -1.6851e+01, -1.5329e+01, -2.3842e-06, -1.7505e+01,
         -1.7013e+01, -1.8478e+01],
        [-9.3598e+00, -1.2680e+01, -1.2844e+01, -9.9892e-05, -1.2304e+01,
         -1.2596e+01, -1.5746e+01],
        [-2.6665e+00, -5.7558e+00, -7.1762e+00, -1.2490e-01, -3.1552e+00,
         -7.0069e+00, -7.6930e+00],
        [-4.8663e+00, -9.5711e+00, -9.3173e+00, -9.9148e-03, -6.2449e+00,
         -9.8684e+00, -1.1302e+01]], grad_fn=<IndexBackward0>)
tensor([[-9.0171e+00, -1.3457e+01, -1.2325e+01, -1.3589e-04, -1.3147e+01,
         -1.2564e+01, -1.2617e+01],
        [-1.1366e+01, -1.5361e+01, -1.5084e+01, -1.2278e-05, -1.6543e+01,
         -1.5561e+01, -1.7124e+01],
        [-9.3598e+00, -1.2680e+01, -1.2844e+01, -9.9892e-05, -1.2304e+01,
         -1.2596e+01, -1.5746e+01],
        [-2.6665e+00, -5.7558e+00, -7.1762e+00, -1.2490e-01, -3.1552e+00,
         -7.0069e+00, -7.6930e+00],
        [-4.8663e+00, -9.5711e+00, -9.3173e+00, -9.9148e-03, -6.2449e+00,
         -9.8684e+00, -1.1302e+01]], grad_fn=<IndexBackward0>)
tensor([[-9.0171e+00, -1.3457e+01, -1.2325e+01, -1.3589e-04, -1.3147e+01,
         -1.2564e+01, -1.2617e+01],
        [-1.4665e+01, -2.2094e+01, -2.0821e+01, -4.7684e-07, -2.2144e+01,
         -2.0792e+01, -2.2586e+01],
        [-9.3598e+00, -1.2680e+01, -1.2844e+01, -9.9892e-05, -1.2304e+01,
         -1.2596e+01, -1.5746e+01],
        [-2.6665e+00, -5.7558e+00, -7.1762e+00, -1.2490e-01, -3.1552e+00,
         -7.0069e+00, -7.6930e+00],
        [-4.8663e+00, -9.5711e+00, -9.3173e+00, -9.9148e-03, -6.2449e+00,
         -9.8684e+00, -1.1302e+01]], grad_fn=<IndexBackward0>)
tensor([[-9.0171e+00, -1.3457e+01, -1.2325e+01, -1.3589e-04, -1.3147e+01,
         -1.2564e+01, -1.2617e+01],
        [-1.2121e+01, -1.6621e+01, -1.5462e+01, -5.8412e-06, -1.7067e+01,
         -1.6313e+01, -1.7512e+01],
        [-1.1305e+01, -1.4578e+01, -1.4762e+01, -1.3828e-05, -1.4955e+01,
         -1.4844e+01, -1.8773e+01],
        [-2.6772e+00, -5.7692e+00, -7.1905e+00, -1.2332e-01, -3.1689e+00,
         -7.0192e+00, -7.7157e+00],
        [-4.8663e+00, -9.5711e+00, -9.3173e+00, -9.9148e-03, -6.2449e+00,
         -9.8684e+00, -1.1302e+01]], grad_fn=<IndexBackward0>)
tensor([[-9.0171e+00, -1.3457e+01, -1.2325e+01, -1.3589e-04, -1.3147e+01,
         -1.2564e+01, -1.2617e+01],
        [-1.2121e+01, -1.6621e+01, -1.5462e+01, -5.8412e-06, -1.7067e+01,
         -1.6313e+01, -1.7512e+01],
        [-9.3598e+00, -1.2680e+01, -1.2844e+01, -9.9892e-05, -1.2304e+01,
         -1.2596e+01, -1.5746e+01],
        [-2.6665e+00, -5.7558e+00, -7.1762e+00, -1.2490e-01, -3.1552e+00,
         -7.0069e+00, -7.6930e+00],
        [-5.4562e+00, -6.5623e+00, -5.1431e-01, -1.8543e+00, -1.4362e+00,
         -9.1025e+00, -6.2694e+00]], grad_fn=<IndexBackward0>)
tensor([[-9.0171e+00, -1.3457e+01, -1.2325e+01, -1.3589e-04, -1.3147e+01,
         -1.2564e+01, -1.2617e+01],
        [-1.2121e+01, -1.6621e+01, -1.5462e+01, -5.8412e-06, -1.7067e+01,
         -1.6313e+01, -1.7512e+01],
        [-9.3577e+00, -1.2692e+01, -1.2859e+01, -1.0001e-04, -1.2311e+01,
         -1.2606e+01, -1.5754e+01],
        [-2.5147e+00, -5.7745e+00, -7.3274e+00, -1.3857e-01, -3.1376e+00,
         -7.0182e+00, -7.6784e+00],
        [-4.8663e+00, -9.5711e+00, -9.3173e+00, -9.9148e-03, -6.2449e+00,
         -9.8684e+00, -1.1302e+01]], grad_fn=<IndexBackward0>)
tensor([[-9.0171e+00, -1.3457e+01, -1.2325e+01, -1.3589e-04, -1.3147e+01,
         -1.2564e+01, -1.2617e+01],
        [-1.2121e+01, -1.6621e+01, -1.5462e+01, -5.8412e-06, -1.7067e+01,
         -1.6313e+01, -1.7512e+01],
        [-9.3652e+00, -1.2696e+01, -1.2861e+01, -9.9177e-05, -1.2320e+01,
         -1.2605e+01, -1.5758e+01],
        [-2.6109e+00, -5.8294e+00, -7.3378e+00, -1.2470e-01, -3.2479e+00,
         -7.0255e+00, -7.7393e+00],
        [-4.8663e+00, -9.5711e+00, -9.3173e+00, -9.9148e-03, -6.2449e+00,
         -9.8684e+00, -1.1302e+01]], grad_fn=<IndexBackward0>)
tensor([[-9.0171e+00, -1.3457e+01, -1.2325e+01, -1.3589e-04, -1.3147e+01,
         -1.2564e+01, -1.2617e+01],
        [-1.2121e+01, -1.6621e+01, -1.5462e+01, -5.8412e-06, -1.7067e+01,
         -1.6313e+01, -1.7512e+01],
        [-9.4075e+00, -1.2706e+01, -1.2843e+01, -9.5601e-05, -1.2326e+01,
         -1.2616e+01, -1.5778e+01],
        [-3.2465e+00, -6.0449e+00, -7.1172e+00, -7.7482e-02, -3.4585e+00,
         -7.2871e+00, -8.0982e+00],
        [-4.8663e+00, -9.5711e+00, -9.3173e+00, -9.9148e-03, -6.2449e+00,
         -9.8684e+00, -1.1302e+01]], grad_fn=<IndexBackward0>)
tensor([[-9.0171e+00, -1.3457e+01, -1.2325e+01, -1.3589e-04, -1.3147e+01,
         -1.2564e+01, -1.2617e+01],
        [-1.2121e+01, -1.6621e+01, -1.5462e+01, -5.8412e-06, -1.7067e+01,
         -1.6313e+01, -1.7512e+01],
        [-9.3828e+00, -1.2706e+01, -1.2856e+01, -9.7628e-05, -1.2324e+01,
         -1.2615e+01, -1.5752e+01],
        [-2.8977e+00, -6.0499e+00, -7.3008e+00, -9.7337e-02, -3.3985e+00,
         -7.2304e+00, -7.7795e+00],
        [-4.8663e+00, -9.5711e+00, -9.3173e+00, -9.9148e-03, -6.2449e+00,
         -9.8684e+00, -1.1302e+01]], grad_fn=<IndexBackward0>)
tensor([[-9.0171e+00, -1.3457e+01, -1.2325e+01, -1.3589e-04, -1.3147e+01,
         -1.2564e+01, -1.2617e+01],
        [-1.2121e+01, -1.6621e+01, -1.5462e+01, -5.8412e-06, -1.7067e+01,
         -1.6313e+01, -1.7512e+01],
        [-9.3812e+00, -1.2712e+01, -1.2875e+01, -9.7747e-05, -1.2337e+01,
         -1.2619e+01, -1.5779e+01],
        [-2.8935e+00, -6.0937e+00, -7.4688e+00, -9.2551e-02, -3.5348e+00,
         -7.2660e+00, -8.0405e+00],
        [-4.8663e+00, -9.5711e+00, -9.3173e+00, -9.9148e-03, -6.2449e+00,
         -9.8684e+00, -1.1302e+01]], grad_fn=<IndexBackward0>)
tensor([[-9.0171e+00, -1.3457e+01, -1.2325e+01, -1.3589e-04, -1.3147e+01,
         -1.2564e+01, -1.2617e+01],
        [-1.2278e+01, -1.8055e+01, -1.6721e+01, -4.7684e-06, -1.8040e+01,
         -1.7021e+01, -1.7972e+01],
        [-9.3598e+00, -1.2680e+01, -1.2844e+01, -9.9892e-05, -1.2304e+01,
         -1.2596e+01, -1.5746e+01],
        [-2.6665e+00, -5.7558e+00, -7.1762e+00, -1.2490e-01, -3.1552e+00,
         -7.0069e+00, -7.6930e+00],
        [-4.8663e+00, -9.5711e+00, -9.3173e+00, -9.9148e-03, -6.2449e+00,
         -9.8684e+00, -1.1302e+01]], grad_fn=<IndexBackward0>)
tensor([[-9.0171e+00, -1.3457e+01, -1.2325e+01, -1.3589e-04, -1.3147e+01,
         -1.2564e+01, -1.2617e+01],
        [-1.1132e+01, -1.5695e+01, -1.5475e+01, -1.5259e-05, -1.6591e+01,
         -1.5587e+01, -1.7096e+01],
        [-9.3598e+00, -1.2680e+01, -1.2844e+01, -9.9892e-05, -1.2304e+01,
         -1.2596e+01, -1.5746e+01],
        [-2.6665e+00, -5.7558e+00, -7.1762e+00, -1.2490e-01, -3.1552e+00,
         -7.0069e+00, -7.6930e+00],
        [-4.8663e+00, -9.5711e+00, -9.3173e+00, -9.9148e-03, -6.2449e+00,
         -9.8684e+00, -1.1302e+01]], grad_fn=<IndexBackward0>)
tensor([[-9.0171e+00, -1.3457e+01, -1.2325e+01, -1.3589e-04, -1.3147e+01,
         -1.2564e+01, -1.2617e+01],
        [-9.9213e+00, -1.5108e+01, -1.5045e+01, -5.0424e-05, -1.5615e+01,
         -1.4586e+01, -1.5699e+01],
        [-9.3598e+00, -1.2680e+01, -1.2844e+01, -9.9892e-05, -1.2304e+01,
         -1.2596e+01, -1.5746e+01],
        [-2.6665e+00, -5.7558e+00, -7.1762e+00, -1.2490e-01, -3.1552e+00,
         -7.0069e+00, -7.6930e+00],
        [-4.8663e+00, -9.5711e+00, -9.3173e+00, -9.9148e-03, -6.2449e+00,
         -9.8684e+00, -1.1302e+01]], grad_fn=<IndexBackward0>)
tensor([[-9.0171e+00, -1.3457e+01, -1.2325e+01, -1.3589e-04, -1.3147e+01,
         -1.2564e+01, -1.2617e+01],
        [-1.3227e+01, -1.8062e+01, -1.5994e+01, -1.9073e-06, -1.8229e+01,
         -1.7097e+01, -1.8136e+01],
        [-9.3598e+00, -1.2680e+01, -1.2844e+01, -9.9892e-05, -1.2304e+01,
         -1.2596e+01, -1.5746e+01],
        [-2.6665e+00, -5.7558e+00, -7.1762e+00, -1.2490e-01, -3.1552e+00,
         -7.0069e+00, -7.6930e+00],
        [-4.8663e+00, -9.5711e+00, -9.3173e+00, -9.9148e-03, -6.2449e+00,
         -9.8684e+00, -1.1302e+01]], grad_fn=<IndexBackward0>)
tensor([[-9.0171e+00, -1.3457e+01, -1.2325e+01, -1.3589e-04, -1.3147e+01,
         -1.2564e+01, -1.2617e+01],
        [-1.0547e+01, -1.3445e+01, -1.2491e+01, -3.3736e-05, -1.4214e+01,
         -1.3706e+01, -1.4605e+01],
        [-9.3598e+00, -1.2680e+01, -1.2844e+01, -9.9892e-05, -1.2304e+01,
         -1.2596e+01, -1.5746e+01],
        [-2.6665e+00, -5.7558e+00, -7.1762e+00, -1.2490e-01, -3.1552e+00,
         -7.0069e+00, -7.6930e+00],
        [-4.8663e+00, -9.5711e+00, -9.3173e+00, -9.9148e-03, -6.2449e+00,
         -9.8684e+00, -1.1302e+01]], grad_fn=<IndexBackward0>)
tensor([[-9.0171e+00, -1.3457e+01, -1.2325e+01, -1.3589e-04, -1.3147e+01,
         -1.2564e+01, -1.2617e+01],
        [-1.3685e+01, -1.7665e+01, -1.5476e+01, -1.3113e-06, -1.7938e+01,
         -1.7356e+01, -1.8508e+01],
        [-9.3598e+00, -1.2680e+01, -1.2844e+01, -9.9892e-05, -1.2304e+01,
         -1.2596e+01, -1.5746e+01],
        [-2.6665e+00, -5.7558e+00, -7.1762e+00, -1.2490e-01, -3.1552e+00,
         -7.0069e+00, -7.6930e+00],
        [-4.8663e+00, -9.5711e+00, -9.3173e+00, -9.9148e-03, -6.2449e+00,
         -9.8684e+00, -1.1302e+01]], grad_fn=<IndexBackward0>)
tensor([[-9.0171e+00, -1.3457e+01, -1.2325e+01, -1.3589e-04, -1.3147e+01,
         -1.2564e+01, -1.2617e+01],
        [-9.7552e+00, -1.3684e+01, -1.3491e+01, -6.2464e-05, -1.4079e+01,
         -1.3949e+01, -1.5005e+01],
        [-9.3598e+00, -1.2680e+01, -1.2844e+01, -9.9892e-05, -1.2304e+01,
         -1.2596e+01, -1.5746e+01],
        [-2.6665e+00, -5.7558e+00, -7.1762e+00, -1.2490e-01, -3.1552e+00,
         -7.0069e+00, -7.6930e+00],
        [-4.8663e+00, -9.5711e+00, -9.3173e+00, -9.9148e-03, -6.2449e+00,
         -9.8684e+00, -1.1302e+01]], grad_fn=<IndexBackward0>)
tensor([[-9.0171e+00, -1.3457e+01, -1.2325e+01, -1.3589e-04, -1.3147e+01,
         -1.2564e+01, -1.2617e+01],
        [-1.2121e+01, -1.6621e+01, -1.5462e+01, -5.8412e-06, -1.7067e+01,
         -1.6313e+01, -1.7512e+01],
        [-9.3539e+00, -1.2680e+01, -1.2842e+01, -1.0049e-04, -1.2284e+01,
         -1.2610e+01, -1.5762e+01],
        [-2.6701e+00, -5.7636e+00, -7.2037e+00, -1.3033e-01, -3.0391e+00,
         -7.1244e+00, -7.8648e+00],
        [-4.8663e+00, -9.5711e+00, -9.3173e+00, -9.9148e-03, -6.2449e+00,
         -9.8684e+00, -1.1302e+01]], grad_fn=<IndexBackward0>)
tensor([[-9.0171e+00, -1.3457e+01, -1.2325e+01, -1.3589e-04, -1.3147e+01,
         -1.2564e+01, -1.2617e+01],
        [-1.2121e+01, -1.6621e+01, -1.5462e+01, -5.8412e-06, -1.7067e+01,
         -1.6313e+01, -1.7512e+01],
        [-9.3955e+00, -1.2708e+01, -1.2853e+01, -9.6674e-05, -1.2328e+01,
         -1.2619e+01, -1.5760e+01],
        [-2.9439e+00, -6.0068e+00, -7.2778e+00, -9.5242e-02, -3.3837e+00,
         -7.2289e+00, -7.8620e+00],
        [-4.8663e+00, -9.5711e+00, -9.3173e+00, -9.9148e-03, -6.2449e+00,
         -9.8684e+00, -1.1302e+01]], grad_fn=<IndexBackward0>)
tensor([[-9.0171e+00, -1.3457e+01, -1.2325e+01, -1.3589e-04, -1.3147e+01,
         -1.2564e+01, -1.2617e+01],
        [-1.2121e+01, -1.6621e+01, -1.5462e+01, -5.8412e-06, -1.7067e+01,
         -1.6313e+01, -1.7512e+01],
        [-9.3953e+00, -1.2723e+01, -1.2882e+01, -9.6316e-05, -1.2347e+01,
         -1.2630e+01, -1.5802e+01],
        [-2.9759e+00, -6.1041e+00, -7.4456e+00, -8.7652e-02, -3.5356e+00,
         -7.3081e+00, -8.1401e+00],
        [-4.8663e+00, -9.5711e+00, -9.3173e+00, -9.9148e-03, -6.2449e+00,
         -9.8684e+00, -1.1302e+01]], grad_fn=<IndexBackward0>)
tensor([[-9.0171e+00, -1.3457e+01, -1.2325e+01, -1.3589e-04, -1.3147e+01,
         -1.2564e+01, -1.2617e+01],
        [-1.2121e+01, -1.6621e+01, -1.5462e+01, -5.8412e-06, -1.7067e+01,
         -1.6313e+01, -1.7512e+01],
        [-9.3446e+00, -1.2676e+01, -1.2841e+01, -1.0132e-04, -1.2276e+01,
         -1.2611e+01, -1.5756e+01],
        [-2.5905e+00, -5.7273e+00, -7.2061e+00, -1.4112e-01, -2.9679e+00,
         -7.1133e+00, -7.8134e+00],
        [-4.8663e+00, -9.5711e+00, -9.3173e+00, -9.9148e-03, -6.2449e+00,
         -9.8684e+00, -1.1302e+01]], grad_fn=<IndexBackward0>)
tensor([[-9.0171e+00, -1.3457e+01, -1.2325e+01, -1.3589e-04, -1.3147e+01,
         -1.2564e+01, -1.2617e+01],
        [-1.2121e+01, -1.6621e+01, -1.5462e+01, -5.8412e-06, -1.7067e+01,
         -1.6313e+01, -1.7512e+01],
        [-9.3957e+00, -1.2712e+01, -1.2850e+01, -9.6555e-05, -1.2325e+01,
         -1.2624e+01, -1.5752e+01],
        [-2.9345e+00, -6.0340e+00, -7.2641e+00, -9.6602e-02, -3.3604e+00,
         -7.2604e+00, -7.8062e+00],
        [-4.8663e+00, -9.5711e+00, -9.3173e+00, -9.9148e-03, -6.2449e+00,
         -9.8684e+00, -1.1302e+01]], grad_fn=<IndexBackward0>)
tensor([[-9.0171e+00, -1.3457e+01, -1.2325e+01, -1.3589e-04, -1.3147e+01,
         -1.2564e+01, -1.2617e+01],
        [-1.2121e+01, -1.6621e+01, -1.5462e+01, -5.8412e-06, -1.7067e+01,
         -1.6313e+01, -1.7512e+01],
        [-9.3884e+00, -1.2720e+01, -1.2880e+01, -9.7032e-05, -1.2339e+01,
         -1.2631e+01, -1.5797e+01],
        [-2.9260e+00, -6.0787e+00, -7.4372e+00, -9.2660e-02, -3.4726e+00,
         -7.3151e+00, -8.1051e+00],
        [-4.8663e+00, -9.5711e+00, -9.3173e+00, -9.9148e-03, -6.2449e+00,
         -9.8684e+00, -1.1302e+01]], grad_fn=<IndexBackward0>)
tensor([[-9.0171e+00, -1.3457e+01, -1.2325e+01, -1.3589e-04, -1.3147e+01,
         -1.2564e+01, -1.2617e+01],
        [-1.2121e+01, -1.6621e+01, -1.5462e+01, -5.8412e-06, -1.7067e+01,
         -1.6313e+01, -1.7512e+01],
        [-9.8954e+00, -1.2502e+01, -1.1936e+01, -6.8662e-05, -1.2383e+01,
         -1.2532e+01, -1.5173e+01],
        [-2.7013e+00, -5.7901e+00, -7.1932e+00, -1.2069e-01, -3.1834e+00,
         -7.0332e+00, -7.7288e+00],
        [-4.8663e+00, -9.5711e+00, -9.3173e+00, -9.9148e-03, -6.2449e+00,
         -9.8684e+00, -1.1302e+01]], grad_fn=<IndexBackward0>)
tensor([[-9.0171e+00, -1.3457e+01, -1.2325e+01, -1.3589e-04, -1.3147e+01,
         -1.2564e+01, -1.2617e+01],
        [-1.2121e+01, -1.6621e+01, -1.5462e+01, -5.8412e-06, -1.7067e+01,
         -1.6313e+01, -1.7512e+01],
        [-8.3484e+00, -1.1858e+01, -1.1814e+01, -2.7879e-04, -1.1038e+01,
         -1.1457e+01, -1.3929e+01],
        [-2.6629e+00, -5.7654e+00, -7.1782e+00, -1.2517e-01, -3.1548e+00,
         -7.0067e+00, -7.6775e+00],
        [-4.8663e+00, -9.5711e+00, -9.3173e+00, -9.9148e-03, -6.2449e+00,
         -9.8684e+00, -1.1302e+01]], grad_fn=<IndexBackward0>)
tensor([[-9.0171e+00, -1.3457e+01, -1.2325e+01, -1.3589e-04, -1.3147e+01,
         -1.2564e+01, -1.2617e+01],
        [-1.2121e+01, -1.6621e+01, -1.5462e+01, -5.8412e-06, -1.7067e+01,
         -1.6313e+01, -1.7512e+01],
        [-8.5935e+00, -1.1911e+01, -1.2200e+01, -2.1753e-04, -1.1494e+01,
         -1.1519e+01, -1.4742e+01],
        [-2.6711e+00, -5.7684e+00, -7.1877e+00, -1.2386e-01, -3.1681e+00,
         -7.0127e+00, -7.7040e+00],
        [-4.8663e+00, -9.5711e+00, -9.3173e+00, -9.9148e-03, -6.2449e+00,
         -9.8684e+00, -1.1302e+01]], grad_fn=<IndexBackward0>)
tensor([[-9.0171e+00, -1.3457e+01, -1.2325e+01, -1.3589e-04, -1.3147e+01,
         -1.2564e+01, -1.2617e+01],
        [-1.2121e+01, -1.6621e+01, -1.5462e+01, -5.8412e-06, -1.7067e+01,
         -1.6313e+01, -1.7512e+01],
        [-7.7898e+00, -1.0188e+01, -1.0926e+01, -5.3284e-04, -1.0126e+01,
         -1.0730e+01, -1.3622e+01],
        [-2.6504e+00, -5.7236e+00, -7.1520e+00, -1.2754e-01, -3.1310e+00,
         -6.9868e+00, -7.6733e+00],
        [-4.8663e+00, -9.5711e+00, -9.3173e+00, -9.9148e-03, -6.2449e+00,
         -9.8684e+00, -1.1302e+01]], grad_fn=<IndexBackward0>)
tensor([[-9.0171e+00, -1.3457e+01, -1.2325e+01, -1.3589e-04, -1.3147e+01,
         -1.2564e+01, -1.2617e+01],
        [-1.2121e+01, -1.6621e+01, -1.5462e+01, -5.8412e-06, -1.7067e+01,
         -1.6313e+01, -1.7512e+01],
        [-1.0662e+01, -1.3551e+01, -1.3130e+01, -2.9563e-05, -1.3785e+01,
         -1.3305e+01, -1.6477e+01],
        [-2.7052e+00, -5.7977e+00, -7.2049e+00, -1.1984e-01, -3.1945e+00,
         -7.0393e+00, -7.7343e+00],
        [-4.8663e+00, -9.5711e+00, -9.3173e+00, -9.9148e-03, -6.2449e+00,
         -9.8684e+00, -1.1302e+01]], grad_fn=<IndexBackward0>)
tensor([[-9.0171e+00, -1.3457e+01, -1.2325e+01, -1.3589e-04, -1.3147e+01,
         -1.2564e+01, -1.2617e+01],
        [-1.2121e+01, -1.6621e+01, -1.5462e+01, -5.8412e-06, -1.7067e+01,
         -1.6313e+01, -1.7512e+01],
        [-7.7305e+00, -1.0973e+01, -1.1929e+01, -5.0365e-04, -1.0554e+01,
         -1.1186e+01, -1.4277e+01],
        [-2.6507e+00, -5.7458e+00, -7.1779e+00, -1.2660e-01, -3.1468e+00,
         -7.0023e+00, -7.6921e+00],
        [-4.8663e+00, -9.5711e+00, -9.3173e+00, -9.9148e-03, -6.2449e+00,
         -9.8684e+00, -1.1302e+01]], grad_fn=<IndexBackward0>)
tensor([[-9.0171e+00, -1.3457e+01, -1.2325e+01, -1.3589e-04, -1.3147e+01,
         -1.2564e+01, -1.2617e+01],
        [-1.2121e+01, -1.6621e+01, -1.5462e+01, -5.8412e-06, -1.7067e+01,
         -1.6313e+01, -1.7512e+01],
        [-1.0609e+01, -1.4245e+01, -1.4143e+01, -2.7656e-05, -1.3687e+01,
         -1.4827e+01, -1.7464e+01],
        [-2.6739e+00, -5.7674e+00, -7.1872e+00, -1.2385e-01, -3.1635e+00,
         -7.0186e+00, -7.7081e+00],
        [-4.8663e+00, -9.5711e+00, -9.3173e+00, -9.9148e-03, -6.2449e+00,
         -9.8684e+00, -1.1302e+01]], grad_fn=<IndexBackward0>)
tensor([[-9.0171e+00, -1.3457e+01, -1.2325e+01, -1.3589e-04, -1.3147e+01,
         -1.2564e+01, -1.2617e+01],
        [-1.2121e+01, -1.6621e+01, -1.5462e+01, -5.8412e-06, -1.7067e+01,
         -1.6313e+01, -1.7512e+01],
        [-1.1992e+01, -1.7029e+01, -1.6530e+01, -6.5565e-06, -1.6189e+01,
         -1.6014e+01, -1.9806e+01],
        [-2.6832e+00, -5.7837e+00, -7.1994e+00, -1.2232e-01, -3.1787e+00,
         -7.0268e+00, -7.7188e+00],
        [-4.8663e+00, -9.5711e+00, -9.3173e+00, -9.9148e-03, -6.2449e+00,
         -9.8684e+00, -1.1302e+01]], grad_fn=<IndexBackward0>)
tensor([[-9.0171e+00, -1.3457e+01, -1.2325e+01, -1.3589e-04, -1.3147e+01,
         -1.2564e+01, -1.2617e+01],
        [-1.2121e+01, -1.6621e+01, -1.5462e+01, -5.8412e-06, -1.7067e+01,
         -1.6313e+01, -1.7512e+01],
        [-9.2729e+00, -1.2665e+01, -1.2872e+01, -1.0800e-04, -1.2261e+01,
         -1.2579e+01, -1.5712e+01],
        [-2.0504e+00, -5.5842e+00, -7.4537e+00, -2.0929e-01, -2.9153e+00,
         -6.8475e+00, -7.4676e+00],
        [-4.8663e+00, -9.5711e+00, -9.3173e+00, -9.9148e-03, -6.2449e+00,
         -9.8684e+00, -1.1302e+01]], grad_fn=<IndexBackward0>)
tensor([[-9.0171e+00, -1.3457e+01, -1.2325e+01, -1.3589e-04, -1.3147e+01,
         -1.2564e+01, -1.2617e+01],
        [-1.2121e+01, -1.6621e+01, -1.5462e+01, -5.8412e-06, -1.7067e+01,
         -1.6313e+01, -1.7512e+01],
        [-9.3455e+00, -1.2698e+01, -1.2868e+01, -1.0097e-04, -1.2306e+01,
         -1.2612e+01, -1.5730e+01],
        [-2.5118e+00, -5.8880e+00, -7.4045e+00, -1.3605e-01, -3.1852e+00,
         -7.1114e+00, -7.5840e+00],
        [-4.8663e+00, -9.5711e+00, -9.3173e+00, -9.9148e-03, -6.2449e+00,
         -9.8684e+00, -1.1302e+01]], grad_fn=<IndexBackward0>)
tensor([[-9.0171e+00, -1.3457e+01, -1.2325e+01, -1.3589e-04, -1.3147e+01,
         -1.2564e+01, -1.2617e+01],
        [-1.2121e+01, -1.6621e+01, -1.5462e+01, -5.8412e-06, -1.7067e+01,
         -1.6313e+01, -1.7512e+01],
        [-9.3338e+00, -1.2712e+01, -1.2909e+01, -1.0180e-04, -1.2336e+01,
         -1.2615e+01, -1.5770e+01],
        [-2.4239e+00, -5.9423e+00, -7.6504e+00, -1.3547e-01, -3.3880e+00,
         -7.0897e+00, -7.8008e+00],
        [-4.8663e+00, -9.5711e+00, -9.3173e+00, -9.9148e-03, -6.2449e+00,
         -9.8684e+00, -1.1302e+01]], grad_fn=<IndexBackward0>)
tensor([[-9.0171e+00, -1.3457e+01, -1.2325e+01, -1.3589e-04, -1.3147e+01,
         -1.2564e+01, -1.2617e+01],
        [-1.2121e+01, -1.6621e+01, -1.5462e+01, -5.8412e-06, -1.7067e+01,
         -1.6313e+01, -1.7512e+01],
        [-9.3357e+00, -1.2700e+01, -1.2923e+01, -1.0168e-04, -1.2305e+01,
         -1.2626e+01, -1.5838e+01],
        [-2.4997e+00, -5.6739e+00, -7.2413e+00, -1.4862e-01, -2.9852e+00,
         -7.0161e+00, -7.7813e+00],
        [-4.8663e+00, -9.5711e+00, -9.3173e+00, -9.9148e-03, -6.2449e+00,
         -9.8684e+00, -1.1302e+01]], grad_fn=<IndexBackward0>)
tensor([[-9.0171e+00, -1.3457e+01, -1.2325e+01, -1.3589e-04, -1.3147e+01,
         -1.2564e+01, -1.2617e+01],
        [-1.2121e+01, -1.6621e+01, -1.5462e+01, -5.8412e-06, -1.7067e+01,
         -1.6313e+01, -1.7512e+01],
        [-9.2998e+00, -1.2698e+01, -1.2941e+01, -1.0490e-04, -1.2308e+01,
         -1.2610e+01, -1.5798e+01],
        [-2.4754e+00, -5.7238e+00, -7.3161e+00, -1.4513e-01, -3.0867e+00,
         -6.9880e+00, -7.7146e+00],
        [-4.8663e+00, -9.5711e+00, -9.3173e+00, -9.9148e-03, -6.2449e+00,
         -9.8684e+00, -1.1302e+01]], grad_fn=<IndexBackward0>)
tensor([[-9.0171e+00, -1.3457e+01, -1.2325e+01, -1.3589e-04, -1.3147e+01,
         -1.2564e+01, -1.2617e+01],
        [-1.2121e+01, -1.6621e+01, -1.5462e+01, -5.8412e-06, -1.7067e+01,
         -1.6313e+01, -1.7512e+01],
        [-9.3167e+00, -1.2703e+01, -1.2945e+01, -1.0323e-04, -1.2326e+01,
         -1.2607e+01, -1.5819e+01],
        [-2.5341e+00, -5.7417e+00, -7.3196e+00, -1.3626e-01, -3.1504e+00,
         -6.9897e+00, -7.7721e+00],
        [-4.8663e+00, -9.5711e+00, -9.3173e+00, -9.9148e-03, -6.2449e+00,
         -9.8684e+00, -1.1302e+01]], grad_fn=<IndexBackward0>)
tensor([[-9.0171e+00, -1.3457e+01, -1.2325e+01, -1.3589e-04, -1.3147e+01,
         -1.2564e+01, -1.2617e+01],
        [-1.2121e+01, -1.6621e+01, -1.5462e+01, -5.8412e-06, -1.7067e+01,
         -1.6313e+01, -1.7512e+01],
        [-9.1519e+00, -1.2501e+01, -1.2738e+01, -1.2254e-04, -1.2032e+01,
         -1.2465e+01, -1.5574e+01],
        [-2.4113e+00, -5.6021e+00, -7.1125e+00, -1.6810e-01, -2.8300e+00,
         -6.9280e+00, -7.5376e+00],
        [-4.8663e+00, -9.5711e+00, -9.3173e+00, -9.9148e-03, -6.2449e+00,
         -9.8684e+00, -1.1302e+01]], grad_fn=<IndexBackward0>)
tensor([[-9.0171e+00, -1.3457e+01, -1.2325e+01, -1.3589e-04, -1.3147e+01,
         -1.2564e+01, -1.2617e+01],
        [-1.2121e+01, -1.6621e+01, -1.5462e+01, -5.8412e-06, -1.7067e+01,
         -1.6313e+01, -1.7512e+01],
        [-9.4852e+00, -1.2749e+01, -1.2870e+01, -8.8926e-05, -1.2376e+01,
         -1.2660e+01, -1.5873e+01],
        [-3.0694e+00, -5.9411e+00, -7.1311e+00, -9.0269e-02, -3.3424e+00,
         -7.1881e+00, -8.0267e+00],
        [-4.8663e+00, -9.5711e+00, -9.3173e+00, -9.9148e-03, -6.2449e+00,
         -9.8684e+00, -1.1302e+01]], grad_fn=<IndexBackward0>)
tensor([[-9.0171e+00, -1.3457e+01, -1.2325e+01, -1.3589e-04, -1.3147e+01,
         -1.2564e+01, -1.2617e+01],
        [-1.2121e+01, -1.6621e+01, -1.5462e+01, -5.8412e-06, -1.7067e+01,
         -1.6313e+01, -1.7512e+01],
        [-9.3821e+00, -1.2748e+01, -1.2960e+01, -9.7032e-05, -1.2373e+01,
         -1.2650e+01, -1.5880e+01],
        [-2.7522e+00, -5.9477e+00, -7.4238e+00, -1.0787e-01, -3.3766e+00,
         -7.1743e+00, -8.0085e+00],
        [-4.8663e+00, -9.5711e+00, -9.3173e+00, -9.9148e-03, -6.2449e+00,
         -9.8684e+00, -1.1302e+01]], grad_fn=<IndexBackward0>)
tensor([[-9.0171e+00, -1.3457e+01, -1.2325e+01, -1.3589e-04, -1.3147e+01,
         -1.2564e+01, -1.2617e+01],
        [-1.6119e+01, -2.1450e+01, -1.8858e+01, -1.1921e-07, -2.2440e+01,
         -2.0277e+01, -2.1723e+01],
        [-9.3598e+00, -1.2680e+01, -1.2844e+01, -9.9892e-05, -1.2304e+01,
         -1.2596e+01, -1.5746e+01],
        [-2.6665e+00, -5.7558e+00, -7.1762e+00, -1.2490e-01, -3.1552e+00,
         -7.0069e+00, -7.6930e+00],
        [-4.8663e+00, -9.5711e+00, -9.3173e+00, -9.9148e-03, -6.2449e+00,
         -9.8684e+00, -1.1302e+01]], grad_fn=<IndexBackward0>)
tensor([[-9.0171e+00, -1.3457e+01, -1.2325e+01, -1.3589e-04, -1.3147e+01,
         -1.2564e+01, -1.2617e+01],
        [-1.2121e+01, -1.6621e+01, -1.5462e+01, -5.8412e-06, -1.7067e+01,
         -1.6313e+01, -1.7512e+01],
        [-9.3370e+00, -1.2669e+01, -1.2836e+01, -1.0204e-04, -1.2272e+01,
         -1.2597e+01, -1.5737e+01],
        [-2.3569e+00, -5.2060e+00, -6.7171e+00, -1.8511e-01, -2.7285e+00,
         -6.5230e+00, -7.1418e+00],
        [-4.8663e+00, -9.5711e+00, -9.3173e+00, -9.9148e-03, -6.2449e+00,
         -9.8684e+00, -1.1302e+01]], grad_fn=<IndexBackward0>)
tensor([[-9.0171e+00, -1.3457e+01, -1.2325e+01, -1.3589e-04, -1.3147e+01,
         -1.2564e+01, -1.2617e+01],
        [-1.2121e+01, -1.6621e+01, -1.5462e+01, -5.8412e-06, -1.7067e+01,
         -1.6313e+01, -1.7512e+01],
        [-9.3372e+00, -1.2673e+01, -1.2844e+01, -1.0192e-04, -1.2283e+01,
         -1.2595e+01, -1.5735e+01],
        [-2.2297e+00, -5.1970e+00, -6.7673e+00, -1.9803e-01, -2.7669e+00,
         -6.4153e+00, -6.9931e+00],
        [-4.8663e+00, -9.5711e+00, -9.3173e+00, -9.9148e-03, -6.2449e+00,
         -9.8684e+00, -1.1302e+01]], grad_fn=<IndexBackward0>)
tensor([[-9.0171e+00, -1.3457e+01, -1.2325e+01, -1.3589e-04, -1.3147e+01,
         -1.2564e+01, -1.2617e+01],
        [-1.2121e+01, -1.6621e+01, -1.5462e+01, -5.8412e-06, -1.7067e+01,
         -1.6313e+01, -1.7512e+01],
        [-9.3468e+00, -1.2678e+01, -1.2845e+01, -1.0097e-04, -1.2293e+01,
         -1.2596e+01, -1.5741e+01],
        [-2.3288e+00, -5.2451e+00, -6.7715e+00, -1.7762e-01, -2.8749e+00,
         -6.4211e+00, -7.0650e+00],
        [-4.8663e+00, -9.5711e+00, -9.3173e+00, -9.9148e-03, -6.2449e+00,
         -9.8684e+00, -1.1302e+01]], grad_fn=<IndexBackward0>)
tensor([[-9.0171e+00, -1.3457e+01, -1.2325e+01, -1.3589e-04, -1.3147e+01,
         -1.2564e+01, -1.2617e+01],
        [-1.2121e+01, -1.6621e+01, -1.5462e+01, -5.8412e-06, -1.7067e+01,
         -1.6313e+01, -1.7512e+01],
        [-9.3906e+00, -1.2689e+01, -1.2828e+01, -9.7270e-05, -1.2301e+01,
         -1.2608e+01, -1.5762e+01],
        [-3.0742e+00, -5.5008e+00, -6.4974e+00, -1.0347e-01, -3.1072e+00,
         -6.7312e+00, -7.4782e+00],
        [-4.8663e+00, -9.5711e+00, -9.3173e+00, -9.9148e-03, -6.2449e+00,
         -9.8684e+00, -1.1302e+01]], grad_fn=<IndexBackward0>)
tensor([[-9.0171e+00, -1.3457e+01, -1.2325e+01, -1.3589e-04, -1.3147e+01,
         -1.2564e+01, -1.2617e+01],
        [-1.2121e+01, -1.6621e+01, -1.5462e+01, -5.8412e-06, -1.7067e+01,
         -1.6313e+01, -1.7512e+01],
        [-9.3657e+00, -1.2689e+01, -1.2841e+01, -9.9296e-05, -1.2299e+01,
         -1.2607e+01, -1.5736e+01],
        [-2.4930e+00, -5.3034e+00, -6.6199e+00, -1.6543e-01, -2.7951e+00,
         -6.5529e+00, -6.9448e+00],
        [-4.8663e+00, -9.5711e+00, -9.3173e+00, -9.9148e-03, -6.2449e+00,
         -9.8684e+00, -1.1302e+01]], grad_fn=<IndexBackward0>)
tensor([[-1.1264e+01, -1.6349e+01, -1.4047e+01, -1.4543e-05, -1.6137e+01,
         -1.5027e+01, -1.4452e+01],
        [-1.2121e+01, -1.6621e+01, -1.5462e+01, -5.8412e-06, -1.7067e+01,
         -1.6313e+01, -1.7512e+01],
        [-9.3598e+00, -1.2680e+01, -1.2844e+01, -9.9892e-05, -1.2304e+01,
         -1.2596e+01, -1.5746e+01],
        [-2.6665e+00, -5.7558e+00, -7.1762e+00, -1.2490e-01, -3.1552e+00,
         -7.0069e+00, -7.6930e+00],
        [-4.8663e+00, -9.5711e+00, -9.3173e+00, -9.9148e-03, -6.2449e+00,
         -9.8684e+00, -1.1302e+01]], grad_fn=<IndexBackward0>)
tensor([[-8.2885e+00, -1.3450e+01, -1.2943e+01, -2.6449e-04, -1.2737e+01,
         -1.2585e+01, -1.2797e+01],
        [-1.2121e+01, -1.6621e+01, -1.5462e+01, -5.8412e-06, -1.7067e+01,
         -1.6313e+01, -1.7512e+01],
        [-9.3598e+00, -1.2680e+01, -1.2844e+01, -9.9892e-05, -1.2304e+01,
         -1.2596e+01, -1.5746e+01],
        [-2.6665e+00, -5.7558e+00, -7.1762e+00, -1.2490e-01, -3.1552e+00,
         -7.0069e+00, -7.6930e+00],
        [-4.8663e+00, -9.5711e+00, -9.3173e+00, -9.9148e-03, -6.2449e+00,
         -9.8684e+00, -1.1302e+01]], grad_fn=<IndexBackward0>)
tensor([[-1.1841e+01, -1.6859e+01, -1.4222e+01, -8.4638e-06, -1.6723e+01,
         -1.5496e+01, -1.4813e+01],
        [-1.2121e+01, -1.6621e+01, -1.5462e+01, -5.8412e-06, -1.7067e+01,
         -1.6313e+01, -1.7512e+01],
        [-9.3598e+00, -1.2680e+01, -1.2844e+01, -9.9892e-05, -1.2304e+01,
         -1.2596e+01, -1.5746e+01],
        [-2.6665e+00, -5.7558e+00, -7.1762e+00, -1.2490e-01, -3.1552e+00,
         -7.0069e+00, -7.6930e+00],
        [-4.8663e+00, -9.5711e+00, -9.3173e+00, -9.9148e-03, -6.2449e+00,
         -9.8684e+00, -1.1302e+01]], grad_fn=<IndexBackward0>)
tensor([[-1.0268e+01, -1.5002e+01, -1.3399e+01, -3.8623e-05, -1.4720e+01,
         -1.3971e+01, -1.3993e+01],
        [-1.2121e+01, -1.6621e+01, -1.5462e+01, -5.8412e-06, -1.7067e+01,
         -1.6313e+01, -1.7512e+01],
        [-9.3598e+00, -1.2680e+01, -1.2844e+01, -9.9892e-05, -1.2304e+01,
         -1.2596e+01, -1.5746e+01],
        [-2.6665e+00, -5.7558e+00, -7.1762e+00, -1.2490e-01, -3.1552e+00,
         -7.0069e+00, -7.6930e+00],
        [-4.8663e+00, -9.5711e+00, -9.3173e+00, -9.9148e-03, -6.2449e+00,
         -9.8684e+00, -1.1302e+01]], grad_fn=<IndexBackward0>)
tensor([[-9.0171e+00, -1.3457e+01, -1.2325e+01, -1.3589e-04, -1.3147e+01,
         -1.2564e+01, -1.2617e+01],
        [-1.2121e+01, -1.6621e+01, -1.5462e+01, -5.8412e-06, -1.7067e+01,
         -1.6313e+01, -1.7512e+01],
        [-1.1953e+01, -1.5604e+01, -1.4919e+01, -7.3909e-06, -1.5497e+01,
         -1.5205e+01, -1.8604e+01],
        [-2.6830e+00, -5.7758e+00, -7.1902e+00, -1.2266e-01, -3.1730e+00,
         -7.0212e+00, -7.7120e+00],
        [-4.8663e+00, -9.5711e+00, -9.3173e+00, -9.9148e-03, -6.2449e+00,
         -9.8684e+00, -1.1302e+01]], grad_fn=<IndexBackward0>)
tensor([[-9.0171e+00, -1.3457e+01, -1.2325e+01, -1.3589e-04, -1.3147e+01,
         -1.2564e+01, -1.2617e+01],
        [-1.2121e+01, -1.6621e+01, -1.5462e+01, -5.8412e-06, -1.7067e+01,
         -1.6313e+01, -1.7512e+01],
        [-9.3598e+00, -1.2680e+01, -1.2844e+01, -9.9892e-05, -1.2304e+01,
         -1.2596e+01, -1.5746e+01],
        [-2.6665e+00, -5.7558e+00, -7.1762e+00, -1.2490e-01, -3.1552e+00,
         -7.0069e+00, -7.6930e+00],
        [-4.0143e+00, -1.4290e+01, -1.7566e+01, -1.8234e-02, -1.1839e+01,
         -1.2300e+01, -1.5086e+01]], grad_fn=<IndexBackward0>)
tensor([[-9.0171e+00, -1.3457e+01, -1.2325e+01, -1.3589e-04, -1.3147e+01,
         -1.2564e+01, -1.2617e+01],
        [-1.2121e+01, -1.6621e+01, -1.5462e+01, -5.8412e-06, -1.7067e+01,
         -1.6313e+01, -1.7512e+01],
        [-9.3598e+00, -1.2680e+01, -1.2844e+01, -9.9892e-05, -1.2304e+01,
         -1.2596e+01, -1.5746e+01],
        [-2.6665e+00, -5.7558e+00, -7.1762e+00, -1.2490e-01, -3.1552e+00,
         -7.0069e+00, -7.6930e+00],
        [-4.8663e+00, -9.5711e+00, -9.3173e+00, -9.9148e-03, -6.2449e+00,
         -9.8684e+00, -1.1302e+01]], grad_fn=<IndexBackward0>)
Seed: 42
Dataset: Cora
Model: gcn
Exp: why
